<?xml version="1.0" encoding="UTF-8"?>
<!-- Generated by org.testng.reporters.JUnitReportReporter -->
<testsuite hostname="C470LCOK" failures="0" tests="1" name="org.example.PerfTest" time="23.908" errors="0" timestamp="12 Apr 2023 06:55:49 GMT" skipped="0">
  <testcase classname="org.example.PerfTest" name="testSubmit" time="23.908"/>
</testsuite> <!-- org.example.PerfTest -->
